<?xml version="1.0" encoding="UTF-8"?>
<!-- Generated by org.testng.reporters.JUnitXMLReporter -->
<testsuite ignored="0" hostname="DESKTOP-28E66RG" failures="0" tests="2" name="Transfer Company Tests" time="8.07" errors="0" timestamp="2025-12-11T14:10:12 ICT">
  <testcase classname="testcases.create_new_company.CreateNewCompanyFlowTest" name="TC_01_Login_Success" time="0.534"/>
  <testcase classname="testcases.create_new_company.CreateNewCompanyFlowTest" name="TC_02_Click_RegisterTab" time="1.739"/>
</testsuite> <!-- Transfer Company Tests -->
