<?xml version="1.0" encoding="UTF-8"?>
<testng-results ignored="0" total="2" passed="2" failed="0" skipped="0">
  <reporter-output>
  </reporter-output>
  <suite started-at="2025-12-11T14:10:04 ICT" name="Becorps Suite" finished-at="2025-12-11T14:10:12 ICT" duration-ms="8070">
    <groups>
    </groups>
    <test started-at="2025-12-11T14:10:04 ICT" name="Transfer Company Tests" finished-at="2025-12-11T14:10:12 ICT" duration-ms="8070">
      <class name="testcases.create_new_company.CreateNewCompanyFlowTest">
        <test-method is-config="true" signature="initSentry()[pri:0, instance:testcases.create_new_company.CreateNewCompanyFlowTest@35cabb2a]" started-at="2025-12-11T14:10:04 ICT" name="initSentry" finished-at="2025-12-11T14:10:04 ICT" duration-ms="70" status="PASS">
          <reporter-output>
          </reporter-output>
        </test-method> <!-- initSentry -->
        <test-method is-config="true" signature="openBrowsers()[pri:0, instance:testcases.create_new_company.CreateNewCompanyFlowTest@35cabb2a]" started-at="2025-12-11T14:10:04 ICT" name="openBrowsers" finished-at="2025-12-11T14:10:09 ICT" duration-ms="5572" status="PASS">
          <reporter-output>
          </reporter-output>
        </test-method> <!-- openBrowsers -->
        <test-method signature="TC_01_Login_Success()[pri:0, instance:testcases.create_new_company.CreateNewCompanyFlowTest@35cabb2a]" started-at="2025-12-11T14:10:09 ICT" name="TC_01_Login_Success" finished-at="2025-12-11T14:10:10 ICT" duration-ms="534" status="PASS">
          <reporter-output>
          </reporter-output>
        </test-method> <!-- TC_01_Login_Success -->
        <test-method signature="TC_02_Click_RegisterTab()[pri:0, instance:testcases.create_new_company.CreateNewCompanyFlowTest@35cabb2a]" started-at="2025-12-11T14:10:10 ICT" name="TC_02_Click_RegisterTab" finished-at="2025-12-11T14:10:11 ICT" duration-ms="1739" status="PASS">
          <reporter-output>
          </reporter-output>
        </test-method> <!-- TC_02_Click_RegisterTab -->
        <test-method is-config="true" signature="closeBrowsers()[pri:0, instance:testcases.create_new_company.CreateNewCompanyFlowTest@35cabb2a]" started-at="2025-12-11T14:10:11 ICT" name="closeBrowsers" finished-at="2025-12-11T14:10:12 ICT" duration-ms="193" status="PASS">
          <reporter-output>
          </reporter-output>
        </test-method> <!-- closeBrowsers -->
        <test-method is-config="true" signature="shutdownSentry()[pri:0, instance:testcases.create_new_company.CreateNewCompanyFlowTest@35cabb2a]" started-at="2025-12-11T14:10:12 ICT" name="shutdownSentry" finished-at="2025-12-11T14:10:14 ICT" duration-ms="2014" status="PASS">
          <reporter-output>
          </reporter-output>
        </test-method> <!-- shutdownSentry -->
      </class> <!-- testcases.create_new_company.CreateNewCompanyFlowTest -->
    </test> <!-- Transfer Company Tests -->
  </suite> <!-- Becorps Suite -->
</testng-results>
